# JRE version: Java(TM) SE Runtime Environment (8.0_45-b14) (build 1.8.0_45-b14)
# Java VM: Java HotSpot(TM) 64-Bit Server VM (25.45-b02 mixed mode bsd-amd64 compressed oops)
Heap:
 PSYoungGen      total 38400K, used 1228K [0x0000000795580000, 0x0000000798000000, 0x00000007c0000000)
  eden space 33280K, 3% used [0x0000000795580000,0x00000007956b3038,0x0000000797600000)
  from space 5120K, 0% used [0x0000000797b00000,0x0000000797b00000,0x0000000798000000)
  to   space 5120K, 0% used [0x0000000797600000,0x0000000797600000,0x0000000797b00000)
 ParOldGen       total 47616K, used 7812K [0x0000000740000000, 0x0000000742e80000, 0x0000000795580000)
  object space 47616K, 16% used [0x0000000740000000,0x00000007407a1080,0x0000000742e80000)
 Metaspace       used 20831K, capacity 21066K, committed 21504K, reserved 1069056K
  class space    used 2678K, capacity 2768K, committed 2816K, reserved 1048576K
GC Heap History (6 events):
Event: 162.128 GC heap before
{Heap before GC invocations=1 (full 0):
 PSYoungGen      total 38400K, used 33280K [0x0000000795580000, 0x0000000798000000, 0x00000007c0000000)
  eden space 33280K, 100% used [0x0000000795580000,0x0000000797600000,0x0000000797600000)
  from space 5120K, 0% used [0x0000000797b00000,0x0000000797b00000,0x0000000798000000)
  to   space 5120K, 0% used [0x0000000797600000,0x0000000797600000,0x0000000797b00000)
 ParOldGen       total 87552K, used 0K [0x0000000740000000, 0x0000000745580000, 0x0000000795580000)
  object space 87552K, 0% used [0x0000000740000000,0x0000000740000000,0x0000000745580000)
 Metaspace       used 19117K, capacity 19336K, committed 19584K, reserved 1067008K
  class space    used 2562K, capacity 2641K, committed 2688K, reserved 1048576K
Event: 162.138 GC heap after
Heap after GC invocations=1 (full 0):
 PSYoungGen      total 38400K, used 5105K [0x0000000795580000, 0x0000000798000000, 0x00000007c0000000)
  eden space 33280K, 0% used [0x0000000795580000,0x0000000795580000,0x0000000797600000)
  from space 5120K, 99% used [0x0000000797600000,0x0000000797afc6b8,0x0000000797b00000)
  to   space 5120K, 0% used [0x0000000797b00000,0x0000000797b00000,0x0000000798000000)
 ParOldGen       total 87552K, used 362K [0x0000000740000000, 0x0000000745580000, 0x0000000795580000)
  object space 87552K, 0% used [0x0000000740000000,0x000000074005a8f0,0x0000000745580000)
 Metaspace       used 19117K, capacity 19336K, committed 19584K, reserved 1067008K
  class space    used 2562K, capacity 2641K, committed 2688K, reserved 1048576K
}
Event: 10664.757 GC heap before
{Heap before GC invocations=2 (full 0):
 PSYoungGen      total 38400K, used 32557K [0x0000000795580000, 0x0000000798000000, 0x00000007c0000000)
  eden space 33280K, 82% used [0x0000000795580000,0x000000079704ef08,0x0000000797600000)
  from space 5120K, 99% used [0x0000000797600000,0x0000000797afc6b8,0x0000000797b00000)
  to   space 5120K, 0% used [0x0000000797b00000,0x0000000797b00000,0x0000000798000000)
 ParOldGen       total 87552K, used 362K [0x0000000740000000, 0x0000000745580000, 0x0000000795580000)
  object space 87552K, 0% used [0x0000000740000000,0x000000074005a8f0,0x0000000745580000)
 Metaspace       used 20840K, capacity 21020K, committed 21248K, reserved 1067008K
  class space    used 2680K, capacity 2775K, committed 2816K, reserved 1048576K
Event: 10664.772 GC heap after
Heap after GC invocations=2 (full 0):
 PSYoungGen      total 38400K, used 5103K [0x0000000795580000, 0x0000000798000000, 0x00000007c0000000)
  eden space 33280K, 0% used [0x0000000795580000,0x0000000795580000,0x0000000797600000)
  from space 5120K, 99% used [0x0000000797b00000,0x0000000797ffbc60,0x0000000798000000)
  to   space 5120K, 0% used [0x0000000797600000,0x0000000797600000,0x0000000797b00000)
 ParOldGen       total 87552K, used 5610K [0x0000000740000000, 0x0000000745580000, 0x0000000795580000)
  object space 87552K, 6% used [0x0000000740000000,0x000000074057a9d0,0x0000000745580000)
 Metaspace       used 20840K, capacity 21020K, committed 21248K, reserved 1067008K
  class space    used 2680K, capacity 2775K, committed 2816K, reserved 1048576K
}
Event: 10664.772 GC heap before
{Heap before GC invocations=3 (full 1):
 PSYoungGen      total 38400K, used 5103K [0x0000000795580000, 0x0000000798000000, 0x00000007c0000000)
  eden space 33280K, 0% used [0x0000000795580000,0x0000000795580000,0x0000000797600000)
  from space 5120K, 99% used [0x0000000797b00000,0x0000000797ffbc60,0x0000000798000000)
  to   space 5120K, 0% used [0x0000000797600000,0x0000000797600000,0x0000000797b00000)
 ParOldGen       total 87552K, used 5610K [0x0000000740000000, 0x0000000745580000, 0x0000000795580000)
  object space 87552K, 6% used [0x0000000740000000,0x000000074057a9d0,0x0000000745580000)
 Metaspace       used 20840K, capacity 21020K, committed 21248K, reserved 1067008K
  class space    used 2680K, capacity 2775K, committed 2816K, reserved 1048576K
Event: 10664.809 GC heap after
Heap after GC invocations=3 (full 1):
 PSYoungGen      total 38400K, used 0K [0x0000000795580000, 0x0000000798000000, 0x00000007c0000000)
  eden space 33280K, 0% used [0x0000000795580000,0x0000000795580000,0x0000000797600000)
  from space 5120K, 0% used [0x0000000797b00000,0x0000000797b00000,0x0000000798000000)
  to   space 5120K, 0% used [0x0000000797600000,0x0000000797600000,0x0000000797b00000)
 ParOldGen       total 47616K, used 7812K [0x0000000740000000, 0x0000000742e80000, 0x0000000795580000)
  object space 47616K, 16% used [0x0000000740000000,0x00000007407a1080,0x0000000742e80000)
 Metaspace       used 20828K, capacity 21002K, committed 21248K, reserved 1067008K
  class space    used 2677K, capacity 2768K, committed 2816K, reserved 1048576K
}

